<?xml version="1.0" encoding="UTF-8"?>
<coverage generated="1636484618619" clover="3.2.0">
  <project timestamp="1636484618619" name="All files">
    <metrics statements="25" coveredstatements="25" conditionals="22" coveredconditionals="22" methods="6" coveredmethods="6" elements="53" coveredelements="53" complexity="0" loc="25" ncloc="25" packages="1" files="1" classes="1"/>
    <file name="index.ts" path="/home/kostayne/Desktop/projects/react-modifier/src/index.ts">
      <metrics statements="25" coveredstatements="25" conditionals="22" coveredconditionals="22" methods="6" coveredmethods="6"/>
      <line num="19" count="2" type="stmt"/>
      <line num="21" count="2" type="stmt"/>
      <line num="22" count="2" type="stmt"/>
      <line num="23" count="2" type="stmt"/>
      <line num="29" count="1" type="stmt"/>
      <line num="39" count="8" type="stmt"/>
      <line num="46" count="6" type="cond" truecount="2" falsecount="0"/>
      <line num="47" count="1" type="stmt"/>
      <line num="48" count="1" type="stmt"/>
      <line num="51" count="5" type="cond" truecount="2" falsecount="0"/>
      <line num="52" count="1" type="stmt"/>
      <line num="55" count="4" type="cond" truecount="2" falsecount="0"/>
      <line num="56" count="4" type="cond" truecount="2" falsecount="0"/>
      <line num="60" count="5" type="stmt"/>
      <line num="61" count="5" type="stmt"/>
      <line num="63" count="5" type="cond" truecount="2" falsecount="0"/>
      <line num="64" count="4" type="cond" truecount="2" falsecount="0"/>
      <line num="66" count="3" type="stmt"/>
      <line num="67" count="6" type="stmt"/>
      <line num="70" count="6" type="cond" truecount="2" falsecount="0"/>
      <line num="71" count="4" type="stmt"/>
      <line num="75" count="6" type="cond" truecount="4" falsecount="0"/>
      <line num="76" count="2" type="stmt"/>
      <line num="80" count="3" type="stmt"/>
      <line num="84" count="2" type="cond" truecount="2" falsecount="0"/>
    </file>
  </project>
</coverage>
