<?xml version="1.0" encoding="UTF-8"?>
<coverage generated="1624101047824" clover="3.2.0">
  <project timestamp="1624101047824" name="All files">
    <metrics statements="25" coveredstatements="18" conditionals="22" coveredconditionals="18" methods="6" coveredmethods="4" elements="53" coveredelements="40" complexity="0" loc="25" ncloc="25" packages="1" files="1" classes="1"/>
    <file name="index.ts" path="C:\Users\fucko\Desktop\projects\react-modifier\src\index.ts">
      <metrics statements="25" coveredstatements="18" conditionals="22" coveredconditionals="18" methods="6" coveredmethods="4"/>
      <line num="19" count="0" type="stmt"/>
      <line num="21" count="0" type="stmt"/>
      <line num="22" count="0" type="stmt"/>
      <line num="23" count="0" type="stmt"/>
      <line num="29" count="0" type="stmt"/>
      <line num="39" count="5" type="stmt"/>
      <line num="46" count="4" type="cond" truecount="1" falsecount="1"/>
      <line num="47" count="0" type="stmt"/>
      <line num="48" count="0" type="stmt"/>
      <line num="51" count="4" type="cond" truecount="2" falsecount="0"/>
      <line num="52" count="1" type="stmt"/>
      <line num="55" count="3" type="cond" truecount="2" falsecount="0"/>
      <line num="56" count="3" type="cond" truecount="2" falsecount="0"/>
      <line num="60" count="3" type="stmt"/>
      <line num="61" count="3" type="stmt"/>
      <line num="63" count="3" type="cond" truecount="1" falsecount="1"/>
      <line num="64" count="3" type="cond" truecount="1" falsecount="1"/>
      <line num="66" count="3" type="stmt"/>
      <line num="67" count="6" type="stmt"/>
      <line num="68" count="6" type="cond" truecount="2" falsecount="0"/>
      <line num="69" count="4" type="stmt"/>
      <line num="72" count="6" type="cond" truecount="4" falsecount="0"/>
      <line num="73" count="2" type="stmt"/>
      <line num="77" count="3" type="stmt"/>
      <line num="81" count="1" type="cond" truecount="1" falsecount="1"/>
    </file>
  </project>
</coverage>
