{"/home/kostayne/Desktop/projects/react-modifier/src/index.ts": {"path":"/home/kostayne/Desktop/projects/react-modifier/src/index.ts","statementMap":{"0":{"start":{"line":19,"column":8},"end":{"line":19,"column":21}},"1":{"start":{"line":21,"column":8},"end":{"line":21,"column":27}},"2":{"start":{"line":22,"column":8},"end":{"line":22,"column":29}},"3":{"start":{"line":23,"column":8},"end":{"line":23,"column":33}},"4":{"start":{"line":29,"column":8},"end":{"line":29,"column":78}},"5":{"start":{"line":39,"column":4},"end":{"line":42,"column":5}},"6":{"start":{"line":46,"column":4},"end":{"line":49,"column":5}},"7":{"start":{"line":47,"column":8},"end":{"line":47,"column":85}},"8":{"start":{"line":48,"column":8},"end":{"line":48,"column":20}},"9":{"start":{"line":51,"column":4},"end":{"line":53,"column":5}},"10":{"start":{"line":52,"column":8},"end":{"line":52,"column":47}},"11":{"start":{"line":55,"column":19},"end":{"line":55,"column":72}},"12":{"start":{"line":56,"column":4},"end":{"line":56,"column":88}},"13":{"start":{"line":60,"column":20},"end":{"line":60,"column":22}},"14":{"start":{"line":61,"column":13},"end":{"line":61,"column":15}},"15":{"start":{"line":63,"column":4},"end":{"line":63,"column":60}},"16":{"start":{"line":63,"column":26},"end":{"line":63,"column":60}},"17":{"start":{"line":64,"column":4},"end":{"line":64,"column":41}},"18":{"start":{"line":64,"column":26},"end":{"line":64,"column":41}},"19":{"start":{"line":66,"column":4},"end":{"line":78,"column":5}},"20":{"start":{"line":66,"column":17},"end":{"line":66,"column":18}},"21":{"start":{"line":67,"column":21},"end":{"line":67,"column":28}},"22":{"start":{"line":70,"column":8},"end":{"line":72,"column":9}},"23":{"start":{"line":71,"column":12},"end":{"line":71,"column":62}},"24":{"start":{"line":75,"column":8},"end":{"line":77,"column":9}},"25":{"start":{"line":76,"column":12},"end":{"line":76,"column":25}},"26":{"start":{"line":80,"column":4},"end":{"line":80,"column":29}},"27":{"start":{"line":84,"column":4},"end":{"line":84,"column":78}}},"fnMap":{"0":{"name":"(anonymous_0)","decl":{"start":{"line":18,"column":4},"end":{"line":18,"column":5}},"loc":{"start":{"line":18,"column":26},"end":{"line":24,"column":5}},"line":18},"1":{"name":"(anonymous_1)","decl":{"start":{"line":28,"column":4},"end":{"line":28,"column":5}},"loc":{"start":{"line":28,"column":27},"end":{"line":30,"column":5}},"line":28},"2":{"name":"createMod","decl":{"start":{"line":38,"column":16},"end":{"line":38,"column":25}},"loc":{"start":{"line":38,"column":76},"end":{"line":43,"column":1}},"line":38},"3":{"name":"modElement","decl":{"start":{"line":45,"column":16},"end":{"line":45,"column":26}},"loc":{"start":{"line":45,"column":77},"end":{"line":57,"column":1}},"line":45},"4":{"name":"mixMods","decl":{"start":{"line":59,"column":16},"end":{"line":59,"column":23}},"loc":{"start":{"line":59,"column":57},"end":{"line":81,"column":1}},"line":59},"5":{"name":"getHeadModByProps","decl":{"start":{"line":83,"column":16},"end":{"line":83,"column":33}},"loc":{"start":{"line":83,"column":101},"end":{"line":85,"column":1}},"line":83}},"branchMap":{"0":{"loc":{"start":{"line":38,"column":26},"end":{"line":38,"column":46}},"type":"default-arg","locations":[{"start":{"line":38,"column":44},"end":{"line":38,"column":46}}],"line":38},"1":{"loc":{"start":{"line":38,"column":48},"end":{"line":38,"column":63}},"type":"default-arg","locations":[{"start":{"line":38,"column":61},"end":{"line":38,"column":63}}],"line":38},"2":{"loc":{"start":{"line":46,"column":4},"end":{"line":49,"column":5}},"type":"if","locations":[{"start":{"line":46,"column":4},"end":{"line":49,"column":5}},{"start":{"line":46,"column":4},"end":{"line":49,"column":5}}],"line":46},"3":{"loc":{"start":{"line":51,"column":4},"end":{"line":53,"column":5}},"type":"if","locations":[{"start":{"line":51,"column":4},"end":{"line":53,"column":5}},{"start":{"line":51,"column":4},"end":{"line":53,"column":5}}],"line":51},"4":{"loc":{"start":{"line":55,"column":30},"end":{"line":55,"column":56}},"type":"binary-expr","locations":[{"start":{"line":55,"column":30},"end":{"line":55,"column":50}},{"start":{"line":55,"column":54},"end":{"line":55,"column":56}}],"line":55},"5":{"loc":{"start":{"line":56,"column":62},"end":{"line":56,"column":85}},"type":"binary-expr","locations":[{"start":{"line":56,"column":62},"end":{"line":56,"column":68}},{"start":{"line":56,"column":72},"end":{"line":56,"column":85}}],"line":56},"6":{"loc":{"start":{"line":63,"column":4},"end":{"line":63,"column":60}},"type":"if","locations":[{"start":{"line":63,"column":4},"end":{"line":63,"column":60}},{"start":{"line":63,"column":4},"end":{"line":63,"column":60}}],"line":63},"7":{"loc":{"start":{"line":64,"column":4},"end":{"line":64,"column":41}},"type":"if","locations":[{"start":{"line":64,"column":4},"end":{"line":64,"column":41}},{"start":{"line":64,"column":4},"end":{"line":64,"column":41}}],"line":64},"8":{"loc":{"start":{"line":70,"column":8},"end":{"line":72,"column":9}},"type":"if","locations":[{"start":{"line":70,"column":8},"end":{"line":72,"column":9}},{"start":{"line":70,"column":8},"end":{"line":72,"column":9}}],"line":70},"9":{"loc":{"start":{"line":75,"column":8},"end":{"line":77,"column":9}},"type":"if","locations":[{"start":{"line":75,"column":8},"end":{"line":77,"column":9}},{"start":{"line":75,"column":8},"end":{"line":77,"column":9}}],"line":75},"10":{"loc":{"start":{"line":75,"column":12},"end":{"line":75,"column":26}},"type":"binary-expr","locations":[{"start":{"line":75,"column":12},"end":{"line":75,"column":19}},{"start":{"line":75,"column":23},"end":{"line":75,"column":26}}],"line":75},"11":{"loc":{"start":{"line":84,"column":11},"end":{"line":84,"column":77}},"type":"cond-expr","locations":[{"start":{"line":84,"column":22},"end":{"line":84,"column":58}},{"start":{"line":84,"column":61},"end":{"line":84,"column":77}}],"line":84}},"s":{"0":2,"1":2,"2":2,"3":2,"4":1,"5":8,"6":6,"7":1,"8":1,"9":5,"10":1,"11":4,"12":4,"13":5,"14":5,"15":5,"16":1,"17":4,"18":1,"19":3,"20":3,"21":6,"22":6,"23":4,"24":6,"25":2,"26":3,"27":2},"f":{"0":2,"1":1,"2":8,"3":6,"4":5,"5":2},"b":{"0":[3],"1":[5],"2":[1,5],"3":[1,4],"4":[4,4],"5":[4,2],"6":[1,4],"7":[1,3],"8":[4,2],"9":[2,4],"10":[6,2],"11":[1,1]},"_coverageSchema":"1a1c01bbd47fc00a2c39e90264f33305004495a9","hash":"1efb0defde76ee6731b17e46edc7a2064f6213c7"}
}
