TN:
SF:src\index.ts
FN:18,(anonymous_0)
FN:28,(anonymous_1)
FN:38,createModifier
FN:45,modifyElement
FN:59,mixModifiers
FN:80,getHeadModifierByProps
FNF:6
FNH:4
FNDA:0,(anonymous_0)
FNDA:0,(anonymous_1)
FNDA:5,createModifier
FNDA:4,modifyElement
FNDA:3,mixModifiers
FNDA:1,getHeadModifierByProps
DA:19,0
DA:21,0
DA:22,0
DA:23,0
DA:29,0
DA:39,5
DA:46,4
DA:47,0
DA:48,0
DA:51,4
DA:52,1
DA:55,3
DA:56,3
DA:60,3
DA:61,3
DA:63,3
DA:64,3
DA:66,3
DA:67,6
DA:68,6
DA:69,4
DA:72,6
DA:73,2
DA:77,3
DA:81,1
LF:25
LH:18
BRDA:38,0,0,1
BRDA:38,1,0,2
BRDA:46,2,0,0
BRDA:46,2,1,4
BRDA:51,3,0,1
BRDA:51,3,1,3
BRDA:55,4,0,3
BRDA:55,4,1,3
BRDA:56,5,0,3
BRDA:56,5,1,1
BRDA:63,6,0,0
BRDA:63,6,1,3
BRDA:64,7,0,0
BRDA:64,7,1,3
BRDA:68,8,0,4
BRDA:68,8,1,2
BRDA:72,9,0,2
BRDA:72,9,1,4
BRDA:72,10,0,6
BRDA:72,10,1,2
BRDA:81,11,0,1
BRDA:81,11,1,0
BRF:22
BRH:18
end_of_record
