TN:
SF:src/index.ts
FN:18,(anonymous_0)
FN:28,(anonymous_1)
FN:38,createMod
FN:45,modElement
FN:59,mixMods
FN:83,getHeadModByProps
FNF:6
FNH:6
FNDA:2,(anonymous_0)
FNDA:1,(anonymous_1)
FNDA:8,createMod
FNDA:6,modElement
FNDA:5,mixMods
FNDA:2,getHeadModByProps
DA:19,2
DA:21,2
DA:22,2
DA:23,2
DA:29,1
DA:39,8
DA:46,6
DA:47,1
DA:48,1
DA:51,5
DA:52,1
DA:55,4
DA:56,4
DA:60,5
DA:61,5
DA:63,5
DA:64,4
DA:66,3
DA:67,6
DA:70,6
DA:71,4
DA:75,6
DA:76,2
DA:80,3
DA:84,2
LF:25
LH:25
BRDA:38,0,0,3
BRDA:38,1,0,5
BRDA:46,2,0,1
BRDA:46,2,1,5
BRDA:51,3,0,1
BRDA:51,3,1,4
BRDA:55,4,0,4
BRDA:55,4,1,4
BRDA:56,5,0,4
BRDA:56,5,1,2
BRDA:63,6,0,1
BRDA:63,6,1,4
BRDA:64,7,0,1
BRDA:64,7,1,3
BRDA:70,8,0,4
BRDA:70,8,1,2
BRDA:75,9,0,2
BRDA:75,9,1,4
BRDA:75,10,0,6
BRDA:75,10,1,2
BRDA:84,11,0,1
BRDA:84,11,1,1
BRF:22
BRH:22
end_of_record
